<?xml version="1.0" encoding="UTF-8"?>
<!-- Generated by org.testng.reporters.JUnitXMLReporter -->
<testsuite ignored="0" hostname="LENOVO-PC" failures="0" tests="3" name="Default test" time="0.146" errors="0" timestamp="2022-08-27T14:31:22 IST">
  <testcase classname="TestNg.dependsOnMethod" name="login1" time="0.022"/>
  <testcase classname="TestNg.dependsOnMethod" name="login2" time="0.002"/>
  <testcase classname="TestNg.dependsOnMethod" name="logout" time="0.003"/>
</testsuite> <!-- Default test -->
