<?xml version="1.0" encoding="UTF-8"?>
<!-- Generated by org.testng.reporters.JUnitXMLReporter -->
<testsuite ignored="0" hostname="LENOVO-PC" failures="0" tests="4" name="Test" time="0.188" errors="0" timestamp="2022-08-27T14:54:15 IST">
  <testcase classname="TestNg.sample1" name="TC1" time="0.022"/>
  <testcase classname="TestNg.sample1" name="TC2" time="0.01"/>
  <testcase classname="TestNg.sample2" name="TC3" time="0.003"/>
  <testcase classname="TestNg.sample2" name="TC4" time="0.002"/>
</testsuite> <!-- Test -->
