<?xml version="1.0" encoding="UTF-8"?>
<testng-results ignored="0" total="4" passed="4" failed="0" skipped="0">
  <reporter-output>
    <line>
      <![CDATA[running TC1]]>
    </line>
    <line>
      <![CDATA[running TC2]]>
    </line>
    <line>
      <![CDATA[running TC3]]>
    </line>
    <line>
      <![CDATA[running TC4]]>
    </line>
  </reporter-output>
  <suite started-at="2022-08-27T14:54:15 IST" name="Suite" finished-at="2022-08-27T14:54:15 IST" duration-ms="188">
    <groups>
    </groups>
    <test started-at="2022-08-27T14:54:15 IST" name="Test" finished-at="2022-08-27T14:54:15 IST" duration-ms="188">
      <class name="TestNg.sample1">
        <test-method signature="TC1()[pri:0, instance:TestNg.sample1@67080771]" started-at="2022-08-27T14:54:15 IST" name="TC1" finished-at="2022-08-27T14:54:15 IST" duration-ms="22" status="PASS">
          <reporter-output>
            <line>
              <![CDATA[running TC1]]>
            </line>
          </reporter-output>
        </test-method> <!-- TC1 -->
        <test-method signature="TC2()[pri:0, instance:TestNg.sample1@67080771]" started-at="2022-08-27T14:54:15 IST" name="TC2" finished-at="2022-08-27T14:54:15 IST" duration-ms="10" status="PASS">
          <reporter-output>
            <line>
              <![CDATA[running TC2]]>
            </line>
          </reporter-output>
        </test-method> <!-- TC2 -->
      </class> <!-- TestNg.sample1 -->
      <class name="TestNg.sample2">
        <test-method signature="TC3()[pri:0, instance:TestNg.sample2@306f16f3]" started-at="2022-08-27T14:54:15 IST" name="TC3" finished-at="2022-08-27T14:54:15 IST" duration-ms="3" status="PASS">
          <reporter-output>
            <line>
              <![CDATA[running TC3]]>
            </line>
          </reporter-output>
        </test-method> <!-- TC3 -->
        <test-method signature="TC4()[pri:0, instance:TestNg.sample2@306f16f3]" started-at="2022-08-27T14:54:15 IST" name="TC4" finished-at="2022-08-27T14:54:15 IST" duration-ms="2" status="PASS">
          <reporter-output>
            <line>
              <![CDATA[running TC4]]>
            </line>
          </reporter-output>
        </test-method> <!-- TC4 -->
      </class> <!-- TestNg.sample2 -->
    </test> <!-- Test -->
  </suite> <!-- Suite -->
</testng-results>
